<?xml version="1.0" encoding="UTF-8"?>
<testsuite xmlns:xsi="http://www.w3.org/2001/XMLSchema-instance" xsi:noNamespaceSchemaLocation="https://maven.apache.org/surefire/maven-surefire-plugin/xsd/surefire-test-report-3.0.xsd" version="3.0" name="com.inventory.InventorySystemTest" time="0.474" tests="5" errors="0" skipped="0" failures="0">
  <properties>
[...]
</properties>
  <testcase name="testPartCreation" classname="com.inventory.InventorySystemTest" time="0.03"/>
  <testcase name="testProductCreation" classname="com.inventory.InventorySystemTest" time="0.005"/>
  <testcase name="testInventoryReport" classname="com.inventory.InventorySystemTest" time="0.004"/>
  <testcase name="testStockValidation" classname="com.inventory.InventorySystemTest" time="0.004"/>
  <testcase name="testProductPartAssociation" classname="com.inventory.InventorySystemTest" time="0.003"/>
</testsuite>