<?xml version="1.0" encoding="UTF-8"?>
<testsuite xmlns:xsi="http://www.w3.org/2001/XMLSchema-instance" xsi:noNamespaceSchemaLocation="https://maven.apache.org/surefire/maven-surefire-plugin/xsd/surefire-test-report-3.0.xsd" version="3.0" name="com.inventory.InventorySystemTest" time="18.497" tests="5" errors="0" skipped="0" failures="0">
  <properties>
[...]
</properties>
  <testcase name="testAddPart" classname="com.inventory.InventorySystemTest" time="0.733">
    <system-out><![CDATA[Test setup completed successfully
MySQL JDBC Driver registered successfully
]]></system-out>
  </testcase>
  <testcase name="testAddProduct" classname="com.inventory.InventorySystemTest" time="3.004"/>
  <testcase name="testLoadPartsFromDatabase" classname="com.inventory.InventorySystemTest" time="0.672">
    <system-out><![CDATA[Loaded part: Steel Hammer
Loaded part: Fiberglass Hammer
Loaded part: Precision Screwdriver Set
Loaded part: Heavy Duty Screwdriver
Loaded part: Compact Tape Measure
Loaded part: Professional Tape Measure
Loaded part: Stainless Steel Nails
Loaded part: Brass Wood Screws
Loaded part: Cordless Power Drill
Loaded part: Drill Bit Set
Loaded part: Professional Paint Brushes
Loaded part: Gorilla Glue
Loaded part: Heavy Duty Duct Tape
Loaded part: Test Part
Loaded part: Test Part 1
Loaded part: Test Part 2
]]></system-out>
  </testcase>
  <testcase name="testLoadProductsFromDatabase" classname="com.inventory.InventorySystemTest" time="8.318">
    <system-out><![CDATA[Loaded product: DIY Home Repair Kit
Loaded product: Professional Contractor Toolkit
Loaded product: Weekend Warrior Set
Loaded product: Painting Essentials Bundle
Loaded product: Home Improvement Starter Pack
Loaded product: Woodworking Basics Kit
Loaded product: Gardening and Repair Collection
Loaded product: Emergency Repair Kit
Loaded product: Professional Craftsman Bundle
Loaded product: Home Maintenance Mega Set
Loaded product: Test Product
Loading complete!
]]></system-out>
  </testcase>
  <testcase name="testUpdateProduct" classname="com.inventory.InventorySystemTest" time="1.268"/>
</testsuite>